e:\code\ai\solo-coder\stock-dis\build\devicemanager.dir\release\scancodelistener.obj
e:\code\ai\solo-coder\stock-dis\build\devicemanager.dir\release\windowbase.obj
e:\code\ai\solo-coder\stock-dis\build\devicemanager.dir\release\database.obj
e:\code\ai\solo-coder\stock-dis\build\devicemanager.dir\release\common.obj
e:\code\ai\solo-coder\stock-dis\build\devicemanager.dir\release\barcodegenerator.obj
e:\code\ai\solo-coder\stock-dis\build\devicemanager.dir\release\printpreviewpage.obj
e:\code\ai\solo-coder\stock-dis\build\devicemanager.dir\release\deviceeditpage.obj
e:\code\ai\solo-coder\stock-dis\build\devicemanager.dir\release\devicedetailpage.obj
e:\code\ai\solo-coder\stock-dis\build\devicemanager.dir\release\printservice.obj
e:\code\ai\solo-coder\stock-dis\build\devicemanager.dir\release\main.obj
e:\code\ai\solo-coder\stock-dis\build\devicemanager.dir\release\uihelper.obj
e:\code\ai\solo-coder\stock-dis\build\devicemanager.dir\release\mainwindow.obj
e:\code\ai\solo-coder\stock-dis\build\devicemanager.dir\release\devicelistpage.obj
e:\code\ai\solo-coder\stock-dis\build\cmakefiles\generate.stamp
e:\code\ai\solo-coder\stock-dis\build\devicemanager.dir\release\devicemanager.tlog\cl.command.1.tlog
e:\code\ai\solo-coder\stock-dis\build\devicemanager.dir\release\devicemanager.tlog\cl.read.1.tlog
e:\code\ai\solo-coder\stock-dis\build\devicemanager.dir\release\devicemanager.tlog\cl.write.1.tlog
e:\code\ai\solo-coder\stock-dis\build\devicemanager.dir\release\devicemanager.tlog\custombuild.command.1.tlog
e:\code\ai\solo-coder\stock-dis\build\devicemanager.dir\release\devicemanager.tlog\custombuild.read.1.tlog
e:\code\ai\solo-coder\stock-dis\build\devicemanager.dir\release\devicemanager.tlog\custombuild.write.1.tlog
